<?xml version="1.0" encoding="UTF-8"?>
<!-- Generated by org.testng.reporters.JUnitXMLReporter -->
<testsuite hostname="LAPTOP-GA9IC5MO" ignored="0" name="Default test" tests="12" failures="0" timestamp="2022-11-14T12:00:12 IST" time="210.116" errors="0">
  <testcase name="SignIn" time="26.387" classname="RaiseIssue.NoInfoFlow"/>
  <testcase name="RaiseNewCase" time="15.878" classname="RaiseIssue.NoInfoFlow"/>
  <testcase name="ReferenceData" time="26.54" classname="RaiseIssue.NoInfoFlow"/>
  <testcase name="SearchingCase" time="10.019" classname="RaiseIssue.NoInfoFlow"/>
  <testcase name="Assign" time="23.117" classname="RaiseIssue.NoInfoFlow"/>
  <testcase name="Analysis" time="12.81" classname="RaiseIssue.NoInfoFlow"/>
  <testcase name="ReAssigned" time="18.612" classname="RaiseIssue.NoInfoFlow"/>
  <testcase name="SearchingCaseAfterAssign" time="10.596" classname="RaiseIssue.NoInfoFlow"/>
  <testcase name="ReAssign" time="22.878" classname="RaiseIssue.NoInfoFlow"/>
  <testcase name="AfterReassignAnalysis" time="14.437" classname="RaiseIssue.NoInfoFlow"/>
  <testcase name="WorkingOnCaseAfterReAssign" time="19.193" classname="RaiseIssue.NoInfoFlow"/>
  <testcase name="ReassignUserApproval" time="9.518" classname="RaiseIssue.NoInfoFlow"/>
</testsuite> <!-- Default test -->
